0:100  0:100  MemLog inited, TSC freq: 2904428920
0:100  0:000  CPU was calibrated with RTC
0:100  0:000  
0:100  0:000  Now is 12.11.2019,  4:57:17 (GMT)
0:100  0:000  Starting Clover revision: 5098 (master, commit 58649391) on American Megatrends EFI
0:100  0:000  Build with: [Args: -D NO_GRUB_DRIVERS_EMBEDDED -t GCC53 | -D NO_GRUB_DRIVERS_EMBEDDED --conf=/Users/sergey/src/Clover/Conf -D USE_LOW_EBDA -a X64 -b RELEASE -t GCC53 -n 5 | OS: 10.14.6]
0:100  0:000  SelfDevicePath=PciRoot(0x0)\Pci(0x17,0x0)\Sata(0x1,0xFFFF,0x0)\HD(1,GPT,927B8DA4-1701-4F8E-BB03-6F0D75220035,0x28,0x64000) @7086DF98
0:100  0:000  SelfDirPath = \EFI\BOOT
0:103  0:003  SimpleTextEx Status=Success
0:103  0:000  === [ Get Smbios ] ========================================
0:103  0:000  Type 16 Index = 0
0:103  0:000  Total Memory Slots Count = 2
0:103  0:000  Type 17 Index = 0
0:103  0:000  Ignoring insane frequency value 0MHz
0:103  0:000  SmbiosTable.Type17->Speed = 0MHz
0:103  0:000  SmbiosTable.Type17->Size = 0MB
0:103  0:000  SmbiosTable.Type17->Bank/Device = BANK 0 ChannelA-DIMM0
0:103  0:000  SmbiosTable.Type17->Vendor = <null string>
0:103  0:000  SmbiosTable.Type17->SerialNumber = <null string>
0:103  0:000  SmbiosTable.Type17->PartNumber = <null string>
0:103  0:000  Type 17 Index = 1
0:103  0:000  SmbiosTable.Type17->Speed = 2667MHz
0:103  0:000  SmbiosTable.Type17->Size = 16384MB
0:103  0:000  SmbiosTable.Type17->Bank/Device = BANK 2 ChannelB-DIMM0
0:103  0:000  SmbiosTable.Type17->Vendor = 04CD
0:103  0:000  SmbiosTable.Type17->SerialNumber = 00000000
0:103  0:000  SmbiosTable.Type17->PartNumber = F4-2666C19-16GIS    
0:103  0:000  Boot status=0
0:103  0:000  Running on: 'To Be Filled By O.E.M.' with board 'B365M-HDV'
0:103  0:000  === [ GetCPUProperties ] ==================================
0:103  0:000  CPU Vendor = 756E6547 Model=906ED
0:103  0:000   The CPU supported SSE4.1
0:103  0:000  BrandString = Intel(R) Core(TM) i5-9400 CPU @ 2.90GHz
0:103  0:000   The CPU supported turbo
0:103  0:000  MSR 0x35               60006
0:103  0:000   TSC/CCC Information Leaf:
0:103  0:000    numerator     : 242
0:103  0:000    denominator   : 2
0:103  0:000   Calibrated ARTFrequency: 24003544
0:103  0:000   Rounded ARTFrequency: 24000000
0:103  0:000  MSR 0xE2 before patch 00000000
0:103  0:000  MSR 0xCE              00080838_F1011D00
0:103  0:000  corrected FLEX_RATIO = 0
0:103  0:000  MSR 0x1B0             00000000
0:103  0:000  FSBFrequency = 100 MHz, DMI FSBFrequency = 100 MHz, Corrected FSBFrequency = 100 MHz
0:103  0:000  MaxDiv/MinDiv: 29.0/8
0:103  0:000  Turbo: 40/40/40/41
0:103  0:000  Features: 0xBFEBFBFF
0:103  0:000  Threads: 6
0:103  0:000  Cores: 6
0:103  0:000  FSB: 100 MHz
0:103  0:000  CPU: 2900 MHz
0:103  0:000  TSC: 2900 MHz
0:103  0:000  PIS: 100 MHz
0:103  0:000  ExternalClock: 25 MHz
0:103  0:000  === [ GetDevices ] ========================================
0:103  0:000  GOP found at: PciRoot(0x0)/Pci(0x1,0x0)/Pci(0x0,0x0)/AcpiAdr(0x80010100)
0:103  0:000  PCI (00|00:00.00) : 8086 3EC2 class=060000
0:103  0:000  PCI (00|00:01.00) : 8086 1901 class=060400
0:103  0:000  PCI (00|01:00.00) : 1002 67DF class=030000
0:103  0:000   - GOP: Provided by device
0:103  0:000   - GFX: Model=AMD Radeon RX 480 (ATI/AMD)
0:103  0:000  PCI (00|01:00.01) : 1002 AAF0 class=040300
0:103  0:000   - HDMI Audio: 
0:103  0:000  PCI (00|00:02.00) : 8086 3E98 class=038000
0:103  0:000   - GFX: Model=Intel UHD Graphics 630 (Intel)
0:103  0:000  PCI (00|00:14.00) : 8086 A2AF class=0C0330
0:103  0:000  PCI (00|00:14.02) : 8086 A2B1 class=118000
0:103  0:000  PCI (00|00:16.00) : 8086 A2BA class=078000
0:103  0:000  PCI (00|00:17.00) : 8086 A282 class=010601
0:103  0:000  PCI (00|00:1F.00) : 8086 A2CC class=060100
0:103  0:000  PCI (00|00:1F.02) : 8086 A2A1 class=058000
0:103  0:000  PCI (00|00:1F.03) : 8086 A2F0 class=040300
0:103  0:000  PCI (00|00:1F.04) : 8086 A2A3 class=0C0500
0:103  0:000  PCI (00|00:1F.06) : 8086 15B8 class=020000
0:103  0:000   - LAN: 0 Vendor=Intel
0:103  0:000  === [ GetDefaultSettings ] ================================
0:103  0:000  Clover load options size = 0 bytes
0:113  0:009  EFI\CLOVER\config.plist loaded: Success
0:113  0:000  === [ GetListOfThemes ] ===================================
0:114  0:001  - [00]: metal
0:118  0:003  - [01]: random
0:121  0:003  - [01]: embedded
0:125  0:003  === [ Found config plists ] ===============================
0:127  0:002  - config.plist.bak.plist
0:128  0:001  - config.plist
0:129  0:001  - config.plist.boots.plist
0:130  0:001  - config.plist.stillboots.plist
0:131  0:001  - config.plist.beforeWG.plist
0:132  0:001  - config.plist.5097.plist
0:133  0:000  === [ GetEarlyUserSettings ] ==============================
0:133  0:000  timeout set to 6
0:133  0:000  Custom boot CUSTOM_BOOT_DISABLED (0x0)
0:133  0:000  KextsToPatch: 2 requested
0:133  0:000   - [00]: AppleAHCIPort (External icons patch) :: BinPatch :: data len: 8
0:133  0:000   - [01]: com.apple.iokit.IOAHCIBlockStorage (Enable TRIM for SSD) :: BinPatch :: data len: 11
0:133  0:000  Default theme: metal
0:133  0:000  Hiding entries with string BOOTX64.EFI
0:133  0:000  Hiding entries with string Windows
0:133  0:000  Hiding entries with string Preboot
0:133  0:000  Hiding entries with string Recovery
0:133  0:000  === [ LoadDrivers ] =======================================
0:136  0:003  Loading NvmExpressDxe.efi  status=Success
0:142  0:005   - driver needs connecting
0:142  0:000  Loading HFSPlus.efi  status=Success
0:146  0:004   - driver needs connecting
0:146  0:000  Loading ApfsDriverLoader.efi  status=Success
0:150  0:004   - driver needs connecting
0:150  0:000  Loading AptioMemoryFix.efi  status=Success
0:154  0:004  Loading VBoxHfs.efi  status=Success
0:158  0:003   - driver needs connecting
0:158  0:000  4 drivers needs connecting ...
0:158  0:000  PlatformDriverOverrideProtocol->GetDriver overriden
0:158  0:000  HFS+ driver loaded
0:158  0:000  APFS driver loaded
0:159  0:000  Searching for invalid DiskIo BY_DRIVER connects: not found, all ok
0:865  0:706  === [ InitScreen ] ========================================
0:865  0:000  Console modes reported: 4, available modes:
0:865  0:000   - [01]: 80x25 (current mode)
0:865  0:000   - [02]: 128x40
0:865  0:000   - [03]: 100x31
0:865  0:000   - [04]: 240x56
0:865  0:000  SetScreenResolution: 1920x1080 - already set
0:865  0:000  reinit: self device path=PciRoot(0x0)\Pci(0x17,0x0)\Sata(0x1,0xFFFF,0x0)\HD(1,GPT,927B8DA4-1701-4F8E-BB03-6F0D75220035,0x28,0x64000)
0:866  0:001  === [ GetMacAddress ] =====================================
0:866  0:000   get legacy LAN MAC, 1 card found
0:866  0:000  Legacy MAC address of LAN #0= 70:85:C2:D0:16:C5:
0:866  0:000  === [ ScanSPD ] ===========================================
0:867  0:000  Scanning SMBus [8086:A2A3], mmio: 0xDF14A004, ioport: 0xF040, hostc: 0x1
0:884  0:017  Slot: 2 Type 26 16384MB 2666MHz Vendor=G Skill Intl PartNo=F4-2666C19-16GIS SerialNo=0000000000000000
0:885  0:000  === [ GetAcpiTablesList ] =================================
0:885  0:000  Get Acpi Tables List from RSDT:
0:885  0:000   - [00]: FACP  A M I  len=132
0:885  0:000   - [01]: APIC  A M I  len=160
0:885  0:000   - [02]: FPDT  A M I  len=68
0:885  0:000   - [03]: FIDT  A M I len=156
0:885  0:000   - [04]: MCFG  A M I  len=60
0:885  0:000   - [05]: SSDT  SataTabl len=931
0:885  0:000   - [06]: AAFT  OEMAAFT  len=633
0:885  0:000   - [07]: SSDT  SaSsdt  len=12645
0:885  0:000   - [08]: SSDT  PegSsdt len=9716
0:885  0:000   - [09]: HPET  KBL len=56
0:885  0:000   - [10]: SSDT  xh_kbl_s len=2916
0:885  0:000   - [11]: UEFI  A M I  len=72
0:885  0:000   - [12]: SSDT  CpuSsdt len=6062
0:885  0:000   - [13]: LPIT  KBL len=148
0:885  0:000   - [14]: SSDT  HdaDsp len=321
0:885  0:000   - [15]: SSDT  TbtTypeC len=1303
0:885  0:000   - [16]: SSDT  Wwan len=745
0:885  0:000   - [17]: DBGP   len=52
0:885  0:000   - [18]: DBG2   len=84
0:885  0:000   - [19]: BGRT  A M I  len=56
0:885  0:000   - [20]: WSMT  A M I  len=40
0:885  0:000  Calibrated TSC Frequency = 2904428920 = 2904MHz
0:885  0:000  === [ GetUserSettings ] ===================================
0:885  0:000  Add 1 devices:
0:885  0:000  USB FixOwnership: yes
0:885  0:000  Dropping 2 tables:
0:885  0:000   - [00]: Drop table  signature="DMAR" (52414D44)
0:885  0:000           - set table: 52414D44,                0 to drop: no
0:885  0:000   - [01]: Drop table  signature="MATS" (5354414D)
0:885  0:000           - set table: 5354414D,                0 to drop: no
0:885  0:000   - final DSDT Fix mask=10400000
0:885  0:000  PatchesDSDT: 12 requested
0:885  0:000   - [00]: (change HDAS to HDEF) lenToFind: 4, lenToReplace: 4, Target Bridge: <null string>
0:885  0:000   - [01]: (Rename XHCI to XHC) lenToFind: 4, lenToReplace: 3, Target Bridge: <null string>
0:885  0:000   - [02]: (change SAT0 to SATA) lenToFind: 4, lenToReplace: 4, Target Bridge: <null string>
0:885  0:000   - [03]: (change GFX0 to IGPU) lenToFind: 4, lenToReplace: 4, Target Bridge: <null string>
0:885  0:000   - [04]: (change EC0 to EC) lenToFind: 4, lenToReplace: 4, Target Bridge: <null string>
0:885  0:000    patch disabled at config
0:885  0:000   - [05]: (change H_EC to EC) lenToFind: 4, lenToReplace: 4, Target Bridge: <null string>
0:885  0:000   - [06]: (change ECDV to EC) lenToFind: 4, lenToReplace: 4, Target Bridge: <null string>
0:885  0:000    patch disabled at config
0:885  0:000   - [07]: (change HECI to IMEI) lenToFind: 4, lenToReplace: 4, Target Bridge: <null string>
0:885  0:000   - [08]: (change LPC to LPCB) lenToFind: 4, lenToReplace: 4, Target Bridge: <null string>
0:885  0:000   - [09]: (change _OSI to XOSI) lenToFind: 4, lenToReplace: 4, Target Bridge: <null string>
0:885  0:000   - [10]: (change _DSM to XDSM) lenToFind: 4, lenToReplace: 4, Target Bridge: <null string>
0:885  0:000   - [11]: (change PEGP to GFX0) lenToFind: 4, lenToReplace: 4, Target Bridge: <null string>
0:885  0:000  Using ProductName from config: iMac19,1
0:885  0:000  Using latest BiosVersion from config
0:885  0:000  BiosVersion: IM191.88Z.F000.B00.1910090230
0:885  0:000  BiosReleaseDate: 10/09/2019
0:885  0:000  Using latest EfiVersion from config: 1037.40.118.0.0
0:885  0:000  Using FirmwareFeatures from config: 0xFD8FF576
0:885  0:000  Using FirmwareFeaturesMask from config: 0xFFDFFF7F
0:885  0:000  Board-ID set from config as Mac-AA95B1DDAB278B95
0:885  0:000  BoardType: 0xA
0:885  0:000  ChassisType: 0x9
0:888  0:002  === [ Found DSDT tables ] =================================
1:128  0:239  === [ ScanVolumes ] =======================================
1:128  0:000  Found 8 volumes with blockIO
1:128  0:000  - [00]: Volume: PciRoot(0x0)\Pci(0x17,0x0)\Sata(0x1,0xFFFF,0x0)
1:128  0:000  - [01]: Volume: PciRoot(0x0)\Pci(0x17,0x0)\Sata(0x1,0xFFFF,0x0)\HD(1,GPT,927B8DA4-1701-4F8E-BB03-6F0D75220035,0x28,0x64000)
1:129  0:000          Result of bootcode detection: bootable unknown (legacy)
1:131  0:002          This is SelfVolume !!
1:131  0:000  - [02]: Volume: PciRoot(0x0)\Pci(0x17,0x0)\Sata(0x1,0xFFFF,0x0)\HD(2,GPT,0A231BB3-521D-4F1C-B9AE-6439EDB6946A,0x64028,0x3A2E1FE0)
1:132  0:000          Result of bootcode detection: bootable unknown (legacy)
1:132  0:000  - [03]: Volume: PciRoot(0x0)\Pci(0x17,0x0)\Sata(0x1,0xFFFF,0x0)\HD(2,GPT,0A231BB3-521D-4F1C-B9AE-6439EDB6946A,0x64028,0x3A2E1FE0)\VenMedia(BE74FCF7-0B7C-49F3-9147-01F4042E6842,977E77CA8740CE4F91AC70089E2DF49D)
1:132  0:000          hiding this volume
1:132  0:000  - [04]: Volume: PciRoot(0x0)\Pci(0x17,0x0)\Sata(0x1,0xFFFF,0x0)\HD(2,GPT,0A231BB3-521D-4F1C-B9AE-6439EDB6946A,0x64028,0x3A2E1FE0)\VenMedia(BE74FCF7-0B7C-49F3-9147-01F4042E6842,4BD1DFD4DA9F643B9F137C725ECA81B8)
1:132  0:000  - [05]: Volume: PciRoot(0x0)\Pci(0x17,0x0)\Sata(0x1,0xFFFF,0x0)\HD(2,GPT,0A231BB3-521D-4F1C-B9AE-6439EDB6946A,0x64028,0x3A2E1FE0)\VenMedia(BE74FCF7-0B7C-49F3-9147-01F4042E6842,BAFFD8236A1C2047BAF368CA145BFA7E)
1:132  0:000          hiding this volume
1:132  0:000  - [06]: Volume: PciRoot(0x0)\Pci(0x17,0x0)\Sata(0x1,0xFFFF,0x0)\HD(2,GPT,0A231BB3-521D-4F1C-B9AE-6439EDB6946A,0x64028,0x3A2E1FE0)\VenMedia(BE74FCF7-0B7C-49F3-9147-01F4042E6842,FE33F4BF08022243801FCA77CAECAA9C)
1:132  0:000  - [07]: Volume: PciRoot(0x0)\Pci(0x17,0x0)\Sata(0x1,0xFFFF,0x0)\HD(2,GPT,0A231BB3-521D-4F1C-B9AE-6439EDB6946A,0x64028,0x3A2E1FE0)\VenMedia(BE74FCF7-0B7C-49F3-9147-01F4042E6842,D5D25F3CFF42C44B9B761231D6D7A263)
1:133  0:000  No AudioIoProtocols, status=Not Found
1:133  0:000  === [ InitTheme ] =========================================
1:133  0:000  use night theme
1:133  0:000   using embedded theme
1:133  0:000  got embedded sound
1:133  0:000    Channels: 2  Sample rate: 8000 Hz  Bits: 16
1:133  0:000  output to channel 0 with volume 70, len=25600
1:133  0:000   sound channels=2 bits=16 freq=8000
1:133  0:000  sound converted to 48kHz
1:133  0:000  not found AudioIo to play
1:133  0:000  sound play end with status=Not Found
1:134  0:000  Using embedded font: Success
1:134  0:000  theme inited
1:134  0:000  Chosen embedded theme
1:134  0:000  after NVRAM boot-args=-v dart=0 debug=0x100 keepsyms=1 -no_compat_check
1:134  0:000  === [ Dump SMC keys from NVRAM ] ==========================
1:134  0:000  no AppleSMC protocol
1:144  0:009  === [ ScanLoader ] ========================================
1:144  0:000  - [01]: 'EFI'
1:157  0:013          AddLoaderEntry for Volume Name=EFI
1:157  0:000          skipped because entry is hidden
1:157  0:000  - [03]: 'Preboot', hidden
1:157  0:000  - [04]: 'Samsung SSD - Data'
1:162  0:004  - [05]: 'Recovery', hidden
1:162  0:000  - [06]: 'VM'
1:162  0:000  - [07]: 'Samsung SSD'
1:183  0:020          AddLoaderEntry for Volume Name=Samsung SSD
1:188  0:005      hibernated: set as never
1:192  0:003  === [ AddCustomTool ] =====================================
1:194  0:001  found tool \EFI\CLOVER\tools\Shell64U.efi
1:194  0:000  Checking EFI partition Volume 1 for Clover
1:197  0:003   Found Clover
1:198  0:000  === [ GetEfiBootDeviceFromNvram ] =========================
1:198  0:000   - efi-boot-device-data: PciRoot(0x0)\Pci(0x17,0x0)\Sata(0x1,0xFFFF,0x0)\HD(2,GPT,0A231BB3-521D-4F1C-B9AE-6439EDB6946A,0x64028,0x3A2E1FE0)\VenMedia(BE74FCF7-0B7C-49F3-9147-01F4042E6842,D5D25F3CFF42C44B9B761231D6D7A263)
1:198  0:000    - Volume: 'PciRoot(0x0)\Pci(0x17,0x0)\Sata(0x1,0xFFFF,0x0)\HD(2,GPT,0A231BB3-521D-4F1C-B9AE-6439EDB6946A,0x64028,0x3A2E1FE0)\VenMedia(BE74FCF7-0B7C-49F3-9147-01F4042E6842,D5D25F3CFF42C44B9B761231D6D7A263)'
1:198  0:000    - LoaderPath: '<null string>'
1:198  0:000    - Guid = 0A231BB3-521D-4F1C-B9AE-6439EDB6946A
1:198  0:000  === [ FindStartupDiskVolume ] =============================
1:198  0:000    - Volume: partition = PciRoot(0x0)\Pci(0x17,0x0)\Sata(0x1,0xFFFF,0x0)\HD(2,GPT,0A231BB3-521D-4F1C-B9AE-6439EDB6946A,0x64028,0x3A2E1FE0)\VenMedia(BE74FCF7-0B7C-49F3-9147-01F4042E6842,D5D25F3CFF42C44B9B761231D6D7A263)
1:198  0:000     - searching for that partition
1:198  0:000      - found entry 0. 'Boot macOS from Samsung SSD', Volume 'Samsung SSD'
1:198  0:000  Boot redirected to Entry 0. 'Boot macOS from Samsung SSD'
1:198  0:000  DefaultIndex=0 and MainMenu.EntryCount=7
1:307  0:109  GUI ready
